Build started 07/11/2014 11:42:14.
     1>Project "C:\Users\Stor\Desktop\VictorM\PG-P\Bezier\Bezier.vcxproj" on node 2 (Build target(s)).
     1>C:\Program Files (x86)\MSBuild\Microsoft.Cpp\v4.0\V120\Microsoft.CppBuild.targets(381,5): warning MSB8028: The intermediate directory (C:\Users\Stor\Desktop\VictorM\PG-P\Debug\) contains files shared from another project (Bezier.vcxproj).  This can lead to incorrect clean and rebuild behavior.
     1>ClCompile:
         C:\Program Files (x86)\Microsoft Visual Studio 12.0\VC\bin\CL.exe /c /I"C:\Users\Stor\Desktop\VictorM\PG-P\Bezier\include\\" /ZI /nologo /W3 /WX- /Od /Oy- /D _MBCS /Gm /EHsc /RTC1 /MDd /GS /fp:precise /Zc:wchar_t /Zc:forScope /Fo"C:\Users\Stor\Desktop\VictorM\PG-P\Debug\\" /Fd"C:\Users\Stor\Desktop\VictorM\PG-P\Debug\vc120.pdb" /Gd /TP /analyze- /errorReport:prompt src\main.cpp
         main.cpp
     1>c:\users\stor\desktop\victorm\pg-p\bezier\include\object3d.h(56): warning C4018: '<' : signed/unsigned mismatch
     1>c:\users\stor\desktop\victorm\pg-p\bezier\include\object3d.h(66): warning C4018: '<' : signed/unsigned mismatch
     1>c:\users\stor\desktop\victorm\pg-p\bezier\include\object3d.h(72): warning C4018: '<' : signed/unsigned mismatch
     1>c:\users\stor\desktop\victorm\pg-p\bezier\include\object3d.h(78): warning C4018: '<' : signed/unsigned mismatch
     1>c:\users\stor\desktop\victorm\pg-p\bezier\include\object3d.h(118): warning C4018: '<' : signed/unsigned mismatch
     1>c:\users\stor\desktop\victorm\pg-p\bezier\include\object3d.h(146): warning C4018: '<' : signed/unsigned mismatch
     1>c:\users\stor\desktop\victorm\pg-p\bezier\include\object3d.h(152): warning C4018: '<' : signed/unsigned mismatch
     1>c:\users\stor\desktop\victorm\pg-p\bezier\include\camera.h(5): warning C4067: unexpected tokens following preprocessor directive - expected a newline
     1>c:\users\stor\desktop\victorm\pg-p\bezier\src\main.cpp(75): warning C4018: '<' : signed/unsigned mismatch
     1>c:\users\stor\desktop\victorm\pg-p\bezier\src\main.cpp(81): warning C4018: '<' : signed/unsigned mismatch
     1>c:\users\stor\desktop\victorm\pg-p\bezier\src\main.cpp(85): warning C4018: '<' : signed/unsigned mismatch
     1>c:\users\stor\desktop\victorm\pg-p\bezier\src\main.cpp(149): warning C4018: '<' : signed/unsigned mismatch
     1>c:\users\stor\desktop\victorm\pg-p\bezier\src\main.cpp(171): warning C4018: '<' : signed/unsigned mismatch
     1>c:\users\stor\desktop\victorm\pg-p\bezier\src\main.cpp(177): warning C4018: '<' : signed/unsigned mismatch
     1>c:\users\stor\desktop\victorm\pg-p\bezier\src\main.cpp(183): warning C4018: '<' : signed/unsigned mismatch
     1>c:\users\stor\desktop\victorm\pg-p\bezier\src\main.cpp(189): warning C4018: '<' : signed/unsigned mismatch
     1>c:\users\stor\desktop\victorm\pg-p\bezier\src\main.cpp(195): warning C4018: '<' : signed/unsigned mismatch
     1>c:\users\stor\desktop\victorm\pg-p\bezier\src\main.cpp(201): warning C4018: '<' : signed/unsigned mismatch
     1>c:\users\stor\desktop\victorm\pg-p\bezier\src\main.cpp(207): warning C4018: '<' : signed/unsigned mismatch
     1>c:\users\stor\desktop\victorm\pg-p\bezier\src\main.cpp(213): warning C4018: '<' : signed/unsigned mismatch
     1>c:\users\stor\desktop\victorm\pg-p\bezier\src\main.cpp(219): warning C4018: '<' : signed/unsigned mismatch
     1>c:\users\stor\desktop\victorm\pg-p\bezier\src\main.cpp(238): warning C4018: '<' : signed/unsigned mismatch
     1>c:\users\stor\desktop\victorm\pg-p\bezier\src\main.cpp(245): warning C4018: '<' : signed/unsigned mismatch
     1>c:\users\stor\desktop\victorm\pg-p\bezier\src\main.cpp(253): warning C4018: '<' : signed/unsigned mismatch
     1>c:\users\stor\desktop\victorm\pg-p\bezier\src\main.cpp(260): warning C4018: '<' : signed/unsigned mismatch
       Link:
         C:\Program Files (x86)\Microsoft Visual Studio 12.0\VC\bin\link.exe /ERRORREPORT:PROMPT /OUT:"C:\Users\Stor\Desktop\VictorM\PG-P\Debug\ProjetoPG.exe" /INCREMENTAL /NOLOGO /LIBPATH:"C:\Users\Stor\Desktop\VictorM\PG-P\Bezier\lib\\" kernel32.lib user32.lib gdi32.lib winspool.lib comdlg32.lib advapi32.lib shell32.lib ole32.lib oleaut32.lib uuid.lib odbc32.lib odbccp32.lib /MANIFEST /MANIFESTUAC:"level='asInvoker' uiAccess='false'" /manifest:embed /DEBUG /PDB:"C:\Users\Stor\Desktop\VictorM\PG-P\Debug\ProjetoPG.pdb" /TLBID:1 /DYNAMICBASE /NXCOMPAT /IMPLIB:"C:\Users\Stor\Desktop\VictorM\PG-P\Debug\ProjetoPG.lib" /MACHINE:X86 "C:\Users\Stor\Desktop\VictorM\PG-P\Debug\main.obj"
         Bezier.vcxproj -> C:\Users\Stor\Desktop\VictorM\PG-P\Debug\ProjetoPG.exe
     1>Done Building Project "C:\Users\Stor\Desktop\VictorM\PG-P\Bezier\Bezier.vcxproj" (Build target(s)).

Build succeeded.

Time Elapsed 00:00:01.30
