Build started 13/11/2014 14:30:52.
     1>Project "C:\Users\Stor\Desktop\VictorM\PG-P\Bezier\Bezier.vcxproj" on node 2 (Build target(s)).
     1>ClCompile:
         C:\Program Files (x86)\Microsoft Visual Studio 12.0\VC\bin\CL.exe /c /I"C:\Users\Stor\Desktop\VictorM\PG-P\Bezier\include\\" /Zi /nologo /W3 /WX- /O2 /Oi /Oy- /GL /D _MBCS /Gm- /EHsc /MD /GS /Gy /fp:precise /Zc:wchar_t /Zc:forScope /Fo"C:\Users\Stor\Desktop\VictorM\PG-P\Release\\" /Fd"C:\Users\Stor\Desktop\VictorM\PG-P\Release\vc120.pdb" /Gd /TP /analyze- /errorReport:prompt src\main.cpp
         main.cpp
     1>C:\Users\Stor\Desktop\VictorM\PG-P\Bezier\include\Object3D.h(56): warning C4018: '<' : signed/unsigned mismatch
     1>C:\Users\Stor\Desktop\VictorM\PG-P\Bezier\include\Object3D.h(66): warning C4018: '<' : signed/unsigned mismatch
     1>C:\Users\Stor\Desktop\VictorM\PG-P\Bezier\include\Object3D.h(72): warning C4018: '<' : signed/unsigned mismatch
     1>C:\Users\Stor\Desktop\VictorM\PG-P\Bezier\include\Object3D.h(78): warning C4018: '<' : signed/unsigned mismatch
     1>C:\Users\Stor\Desktop\VictorM\PG-P\Bezier\include\Object3D.h(118): warning C4018: '<' : signed/unsigned mismatch
     1>C:\Users\Stor\Desktop\VictorM\PG-P\Bezier\include\Object3D.h(140): warning C4018: '<' : signed/unsigned mismatch
     1>C:\Users\Stor\Desktop\VictorM\PG-P\Bezier\include\Object3D.h(146): warning C4018: '<' : signed/unsigned mismatch
     1>C:\Users\Stor\Desktop\VictorM\PG-P\Bezier\include\Camera.h(5): warning C4067: unexpected tokens following preprocessor directive - expected a newline
     1>src\main.cpp(76): warning C4018: '<' : signed/unsigned mismatch
     1>src\main.cpp(82): warning C4018: '<' : signed/unsigned mismatch
     1>src\main.cpp(86): warning C4018: '<' : signed/unsigned mismatch
     1>src\main.cpp(150): warning C4018: '<' : signed/unsigned mismatch
     1>src\main.cpp(172): warning C4018: '<' : signed/unsigned mismatch
     1>src\main.cpp(178): warning C4018: '<' : signed/unsigned mismatch
     1>src\main.cpp(184): warning C4018: '<' : signed/unsigned mismatch
     1>src\main.cpp(190): warning C4018: '<' : signed/unsigned mismatch
     1>src\main.cpp(196): warning C4018: '<' : signed/unsigned mismatch
     1>src\main.cpp(202): warning C4018: '<' : signed/unsigned mismatch
     1>src\main.cpp(208): warning C4018: '<' : signed/unsigned mismatch
     1>src\main.cpp(214): warning C4018: '<' : signed/unsigned mismatch
     1>src\main.cpp(220): warning C4018: '<' : signed/unsigned mismatch
     1>src\main.cpp(239): warning C4018: '<' : signed/unsigned mismatch
     1>src\main.cpp(246): warning C4018: '<' : signed/unsigned mismatch
     1>src\main.cpp(254): warning C4018: '<' : signed/unsigned mismatch
     1>src\main.cpp(261): warning C4018: '<' : signed/unsigned mismatch
     1>src\main.cpp(280): warning C4018: '<' : signed/unsigned mismatch
       Link:
         C:\Program Files (x86)\Microsoft Visual Studio 12.0\VC\bin\link.exe /ERRORREPORT:PROMPT /OUT:"C:\Users\Stor\Desktop\VictorM\PG-P\Release\ProjetoPG.exe" /NOLOGO /LIBPATH:"C:\Users\Stor\Desktop\VictorM\PG-P\Bezier\lib\\" kernel32.lib user32.lib gdi32.lib winspool.lib comdlg32.lib advapi32.lib shell32.lib ole32.lib oleaut32.lib uuid.lib odbc32.lib odbccp32.lib /MANIFEST /MANIFESTUAC:"level='asInvoker' uiAccess='false'" /manifest:embed /DEBUG /PDB:"C:\Users\Stor\Desktop\VictorM\PG-P\Release\ProjetoPG.pdb" /OPT:REF /OPT:ICF /LTCG /TLBID:1 /DYNAMICBASE /NXCOMPAT /IMPLIB:"C:\Users\Stor\Desktop\VictorM\PG-P\Release\ProjetoPG.lib" /MACHINE:X86 /SAFESEH "C:\Users\Stor\Desktop\VictorM\PG-P\Release\main.obj"
         Generating code
         Finished generating code
         Bezier.vcxproj -> C:\Users\Stor\Desktop\VictorM\PG-P\Release\ProjetoPG.exe
     1>Done Building Project "C:\Users\Stor\Desktop\VictorM\PG-P\Bezier\Bezier.vcxproj" (Build target(s)).

Build succeeded.

Time Elapsed 00:00:01.67
